0 info it worked if it ends with ok
1 verbose cli [ '/usr/local/bin/node',
1 verbose cli   '/usr/local/bin/npm',
1 verbose cli   'install',
1 verbose cli   'requirejs' ]
2 info using npm@1.3.21
3 info using node@v0.10.24
4 verbose readDependencies using package.json deps
5 verbose cache add [ 'requirejs', null ]
6 verbose cache add name=undefined spec="requirejs" args=["requirejs",null]
7 verbose parsed url { protocol: null,
7 verbose parsed url   slashes: null,
7 verbose parsed url   auth: null,
7 verbose parsed url   host: null,
7 verbose parsed url   port: null,
7 verbose parsed url   hostname: null,
7 verbose parsed url   hash: null,
7 verbose parsed url   search: null,
7 verbose parsed url   query: null,
7 verbose parsed url   pathname: 'requirejs',
7 verbose parsed url   path: 'requirejs',
7 verbose parsed url   href: 'requirejs' }
8 silly lockFile f2b16c35-requirejs requirejs
9 verbose lock requirejs /home/vagrant/.npm/f2b16c35-requirejs.lock
10 silly lockFile f2b16c35-requirejs requirejs
11 silly lockFile f2b16c35-requirejs requirejs
12 verbose addNamed [ 'requirejs', '' ]
13 verbose addNamed [ null, '*' ]
14 silly lockFile e9b02655-requirejs requirejs@
15 verbose lock requirejs@ /home/vagrant/.npm/e9b02655-requirejs.lock
16 silly addNameRange { name: 'requirejs', range: '*', hasData: false }
17 verbose url raw requirejs
18 verbose url resolving [ 'https://registry.npmjs.org/', './requirejs' ]
19 verbose url resolved https://registry.npmjs.org/requirejs
20 info trying registry request attempt 1 at 09:39:37
21 http GET https://registry.npmjs.org/requirejs
22 http 200 https://registry.npmjs.org/requirejs
23 silly registry.get cb [ 200,
23 silly registry.get   { date: 'Fri, 21 Feb 2014 09:39:39 GMT',
23 silly registry.get     server: 'CouchDB/1.5.0 (Erlang OTP/R16B)',
23 silly registry.get     etag: '"74M4ST14UNFO98Z10ZUWY5KB1"',
23 silly registry.get     'content-type': 'application/json',
23 silly registry.get     via: '1.1 varnish',
23 silly registry.get     'cache-control': 'max-age=1',
23 silly registry.get     'content-length': '31377',
23 silly registry.get     'accept-ranges': 'bytes',
23 silly registry.get     age: '66',
23 silly registry.get     'x-served-by': 'cache-v43-ASH, cache-sv95-SJC3',
23 silly registry.get     'x-cache': 'HIT, HIT',
23 silly registry.get     'x-cache-hits': '1, 1',
23 silly registry.get     'x-timer': 'S1392858603.057814360,VS0,VS36,VE36,VE116976524',
23 silly registry.get     vary: 'Accept',
23 silly registry.get     'keep-alive': 'timeout=10, max=50',
23 silly registry.get     connection: 'Keep-Alive' } ]
24 silly addNameRange number 2 { name: 'requirejs', range: '*', hasData: true }
25 silly addNameRange versions [ 'requirejs',
25 silly addNameRange   [ '0.26.0',
25 silly addNameRange     '0.27.0',
25 silly addNameRange     '0.27.1',
25 silly addNameRange     '1.0.0',
25 silly addNameRange     '1.0.1',
25 silly addNameRange     '1.0.2',
25 silly addNameRange     '1.0.3',
25 silly addNameRange     '1.0.4',
25 silly addNameRange     '1.0.5',
25 silly addNameRange     '1.0.6',
25 silly addNameRange     '1.0.7',
25 silly addNameRange     '1.0.8',
25 silly addNameRange     '2.0.0',
25 silly addNameRange     '2.0.1',
25 silly addNameRange     '2.0.2',
25 silly addNameRange     '2.0.3',
25 silly addNameRange     '2.0.4',
25 silly addNameRange     '2.0.5',
25 silly addNameRange     '2.0.6',
25 silly addNameRange     '2.1.0',
25 silly addNameRange     '2.1.1',
25 silly addNameRange     '2.1.2',
25 silly addNameRange     '2.1.3',
25 silly addNameRange     '2.1.4',
25 silly addNameRange     '2.1.5',
25 silly addNameRange     '2.1.6',
25 silly addNameRange     '2.1.7',
25 silly addNameRange     '2.1.8',
25 silly addNameRange     '2.1.9',
25 silly addNameRange     '2.1.10',
25 silly addNameRange     '2.1.11' ] ]
26 verbose addNamed [ 'requirejs', '2.1.11' ]
27 verbose addNamed [ '2.1.11', '2.1.11' ]
28 silly lockFile b76e8723-requirejs-2-1-11 requirejs@2.1.11
29 verbose lock requirejs@2.1.11 /home/vagrant/.npm/b76e8723-requirejs-2-1-11.lock
30 silly lockFile bab240b2-g-requirejs-requirejs-2-1-11-tgz https://registry.npmjs.org/requirejs/-/requirejs-2.1.11.tgz
31 verbose lock https://registry.npmjs.org/requirejs/-/requirejs-2.1.11.tgz /home/vagrant/.npm/bab240b2-g-requirejs-requirejs-2-1-11-tgz.lock
32 verbose addRemoteTarball [ 'https://registry.npmjs.org/requirejs/-/requirejs-2.1.11.tgz',
32 verbose addRemoteTarball   '0eafaa6b46ca9b5b1e13406f119c020190a24442' ]
33 info retry fetch attempt 1 at 09:39:39
34 verbose fetch to= /home/vagrant/tmp/npm-3221-bfrZuA4t/1392975579811-0.42319887201301754/tmp.tgz
35 http GET https://registry.npmjs.org/requirejs/-/requirejs-2.1.11.tgz
36 http 200 https://registry.npmjs.org/requirejs/-/requirejs-2.1.11.tgz
37 verbose tar unpack /home/vagrant/tmp/npm-3221-bfrZuA4t/1392975579811-0.42319887201301754/tmp.tgz
38 silly lockFile 6d770c1b-9811-0-42319887201301754-package tar:///home/vagrant/tmp/npm-3221-bfrZuA4t/1392975579811-0.42319887201301754/package
39 verbose lock tar:///home/vagrant/tmp/npm-3221-bfrZuA4t/1392975579811-0.42319887201301754/package /home/vagrant/.npm/6d770c1b-9811-0-42319887201301754-package.lock
40 silly lockFile df0139ea-9811-0-42319887201301754-tmp-tgz tar:///home/vagrant/tmp/npm-3221-bfrZuA4t/1392975579811-0.42319887201301754/tmp.tgz
41 verbose lock tar:///home/vagrant/tmp/npm-3221-bfrZuA4t/1392975579811-0.42319887201301754/tmp.tgz /home/vagrant/.npm/df0139ea-9811-0-42319887201301754-tmp-tgz.lock
42 silly gunzTarPerm modes [ '755', '644' ]
43 silly gunzTarPerm extractEntry package.json
44 silly gunzTarPerm extractEntry README.md
45 silly gunzTarPerm extractEntry require.js
46 silly gunzTarPerm extractEntry bin/r.js
47 silly lockFile 6d770c1b-9811-0-42319887201301754-package tar:///home/vagrant/tmp/npm-3221-bfrZuA4t/1392975579811-0.42319887201301754/package
48 silly lockFile 6d770c1b-9811-0-42319887201301754-package tar:///home/vagrant/tmp/npm-3221-bfrZuA4t/1392975579811-0.42319887201301754/package
49 silly lockFile df0139ea-9811-0-42319887201301754-tmp-tgz tar:///home/vagrant/tmp/npm-3221-bfrZuA4t/1392975579811-0.42319887201301754/tmp.tgz
50 silly lockFile df0139ea-9811-0-42319887201301754-tmp-tgz tar:///home/vagrant/tmp/npm-3221-bfrZuA4t/1392975579811-0.42319887201301754/tmp.tgz
51 verbose tar pack [ '/home/vagrant/.npm/requirejs/2.1.11/package.tgz',
51 verbose tar pack   '/home/vagrant/tmp/npm-3221-bfrZuA4t/1392975579811-0.42319887201301754/package' ]
52 verbose tarball /home/vagrant/.npm/requirejs/2.1.11/package.tgz
53 verbose folder /home/vagrant/tmp/npm-3221-bfrZuA4t/1392975579811-0.42319887201301754/package
54 silly lockFile 6d770c1b-9811-0-42319887201301754-package tar:///home/vagrant/tmp/npm-3221-bfrZuA4t/1392975579811-0.42319887201301754/package
55 verbose lock tar:///home/vagrant/tmp/npm-3221-bfrZuA4t/1392975579811-0.42319887201301754/package /home/vagrant/.npm/6d770c1b-9811-0-42319887201301754-package.lock
56 silly lockFile 9732b7bf-npm-requirejs-2-1-11-package-tgz tar:///home/vagrant/.npm/requirejs/2.1.11/package.tgz
57 verbose lock tar:///home/vagrant/.npm/requirejs/2.1.11/package.tgz /home/vagrant/.npm/9732b7bf-npm-requirejs-2-1-11-package-tgz.lock
58 silly lockFile 6d770c1b-9811-0-42319887201301754-package tar:///home/vagrant/tmp/npm-3221-bfrZuA4t/1392975579811-0.42319887201301754/package
59 silly lockFile 6d770c1b-9811-0-42319887201301754-package tar:///home/vagrant/tmp/npm-3221-bfrZuA4t/1392975579811-0.42319887201301754/package
60 silly lockFile 9732b7bf-npm-requirejs-2-1-11-package-tgz tar:///home/vagrant/.npm/requirejs/2.1.11/package.tgz
61 silly lockFile 9732b7bf-npm-requirejs-2-1-11-package-tgz tar:///home/vagrant/.npm/requirejs/2.1.11/package.tgz
62 silly lockFile 2a716c22-ant-npm-requirejs-2-1-11-package /home/vagrant/.npm/requirejs/2.1.11/package
63 verbose lock /home/vagrant/.npm/requirejs/2.1.11/package /home/vagrant/.npm/2a716c22-ant-npm-requirejs-2-1-11-package.lock
64 silly lockFile 2a716c22-ant-npm-requirejs-2-1-11-package /home/vagrant/.npm/requirejs/2.1.11/package
65 silly lockFile 2a716c22-ant-npm-requirejs-2-1-11-package /home/vagrant/.npm/requirejs/2.1.11/package
66 verbose tar unpack /home/vagrant/.npm/requirejs/2.1.11/package.tgz
67 silly lockFile 7d3308c6-ant-npm-requirejs-2-1-11-package tar:///home/vagrant/.npm/requirejs/2.1.11/package
68 verbose lock tar:///home/vagrant/.npm/requirejs/2.1.11/package /home/vagrant/.npm/7d3308c6-ant-npm-requirejs-2-1-11-package.lock
69 silly lockFile 9732b7bf-npm-requirejs-2-1-11-package-tgz tar:///home/vagrant/.npm/requirejs/2.1.11/package.tgz
70 verbose lock tar:///home/vagrant/.npm/requirejs/2.1.11/package.tgz /home/vagrant/.npm/9732b7bf-npm-requirejs-2-1-11-package-tgz.lock
71 silly gunzTarPerm modes [ '755', '644' ]
72 silly gunzTarPerm extractEntry package.json
73 silly gunzTarPerm modified mode [ 'package.json', 384, 420 ]
74 silly gunzTarPerm extractEntry README.md
75 silly gunzTarPerm modified mode [ 'README.md', 384, 420 ]
76 silly gunzTarPerm extractEntry require.js
77 silly gunzTarPerm modified mode [ 'require.js', 384, 420 ]
78 silly gunzTarPerm extractEntry bin/r.js
79 silly gunzTarPerm modified mode [ 'bin/r.js', 384, 420 ]
80 silly lockFile 7d3308c6-ant-npm-requirejs-2-1-11-package tar:///home/vagrant/.npm/requirejs/2.1.11/package
81 silly lockFile 7d3308c6-ant-npm-requirejs-2-1-11-package tar:///home/vagrant/.npm/requirejs/2.1.11/package
82 silly lockFile 9732b7bf-npm-requirejs-2-1-11-package-tgz tar:///home/vagrant/.npm/requirejs/2.1.11/package.tgz
83 silly lockFile 9732b7bf-npm-requirejs-2-1-11-package-tgz tar:///home/vagrant/.npm/requirejs/2.1.11/package.tgz
84 verbose chmod /home/vagrant/.npm/requirejs/2.1.11/package.tgz 644
85 verbose chown /home/vagrant/.npm/requirejs/2.1.11/package.tgz [ 1000, 1000 ]
86 silly lockFile bab240b2-g-requirejs-requirejs-2-1-11-tgz https://registry.npmjs.org/requirejs/-/requirejs-2.1.11.tgz
87 silly lockFile bab240b2-g-requirejs-requirejs-2-1-11-tgz https://registry.npmjs.org/requirejs/-/requirejs-2.1.11.tgz
88 silly lockFile b76e8723-requirejs-2-1-11 requirejs@2.1.11
89 silly lockFile b76e8723-requirejs-2-1-11 requirejs@2.1.11
90 silly lockFile e9b02655-requirejs requirejs@
91 silly lockFile e9b02655-requirejs requirejs@
92 silly resolved [ { name: 'requirejs',
92 silly resolved     description: 'Node adapter for RequireJS, for loading AMD modules. Includes RequireJS optimizer',
92 silly resolved     version: '2.1.11',
92 silly resolved     homepage: 'http://github.com/jrburke/r.js',
92 silly resolved     author:
92 silly resolved      { name: 'James Burke',
92 silly resolved        email: 'jrburke@gmail.com',
92 silly resolved        url: 'http://github.com/jrburke' },
92 silly resolved     licenses: [ [Object], [Object] ],
92 silly resolved     repository: { type: 'git', url: 'https://github.com/jrburke/r.js.git' },
92 silly resolved     main: './bin/r.js',
92 silly resolved     bin: { 'r.js': './bin/r.js' },
92 silly resolved     engines: { node: '>=0.4.0' },
92 silly resolved     readme: '# requirejs\n\nRequireJS for use in Node. includes:\n\n* r.js: the RequireJS optimizer, and AMD runtime for use in Node.\n* require.js: The browser-based AMD loader.\n\nMore information at http://requirejs.org\n\n',
92 silly resolved     readmeFilename: 'README.md',
92 silly resolved     bugs: { url: 'https://github.com/jrburke/r.js/issues' },
92 silly resolved     _id: 'requirejs@2.1.11',
92 silly resolved     dist: { shasum: 'b74540729d9f1dd76d633bfdce0b289e1df8ac2e' },
92 silly resolved     _from: 'requirejs@',
92 silly resolved     _resolved: 'https://registry.npmjs.org/requirejs/-/requirejs-2.1.11.tgz' } ]
93 info install requirejs@2.1.11 into /home/vagrant/The-Three-Amigos
94 info installOne requirejs@2.1.11
95 info /home/vagrant/The-Three-Amigos/node_modules/requirejs unbuild
96 verbose tar unpack /home/vagrant/.npm/requirejs/2.1.11/package.tgz
97 silly lockFile 15161bda-ee-Amigos-node-modules-requirejs tar:///home/vagrant/The-Three-Amigos/node_modules/requirejs
98 verbose lock tar:///home/vagrant/The-Three-Amigos/node_modules/requirejs /home/vagrant/.npm/15161bda-ee-Amigos-node-modules-requirejs.lock
99 silly lockFile 9732b7bf-npm-requirejs-2-1-11-package-tgz tar:///home/vagrant/.npm/requirejs/2.1.11/package.tgz
100 verbose lock tar:///home/vagrant/.npm/requirejs/2.1.11/package.tgz /home/vagrant/.npm/9732b7bf-npm-requirejs-2-1-11-package-tgz.lock
101 silly gunzTarPerm modes [ '755', '644' ]
102 silly gunzTarPerm extractEntry package.json
103 silly gunzTarPerm modified mode [ 'package.json', 384, 420 ]
104 silly gunzTarPerm extractEntry README.md
105 silly gunzTarPerm modified mode [ 'README.md', 384, 420 ]
106 silly gunzTarPerm extractEntry require.js
107 silly gunzTarPerm modified mode [ 'require.js', 384, 420 ]
108 silly gunzTarPerm extractEntry bin/r.js
109 silly gunzTarPerm modified mode [ 'bin/r.js', 384, 420 ]
110 silly lockFile 15161bda-ee-Amigos-node-modules-requirejs tar:///home/vagrant/The-Three-Amigos/node_modules/requirejs
111 silly lockFile 15161bda-ee-Amigos-node-modules-requirejs tar:///home/vagrant/The-Three-Amigos/node_modules/requirejs
112 silly lockFile 9732b7bf-npm-requirejs-2-1-11-package-tgz tar:///home/vagrant/.npm/requirejs/2.1.11/package.tgz
113 silly lockFile 9732b7bf-npm-requirejs-2-1-11-package-tgz tar:///home/vagrant/.npm/requirejs/2.1.11/package.tgz
114 info preinstall requirejs@2.1.11
115 verbose readDependencies using package.json deps
116 verbose readDependencies using package.json deps
117 silly resolved []
118 verbose about to build /home/vagrant/The-Three-Amigos/node_modules/requirejs
119 info build /home/vagrant/The-Three-Amigos/node_modules/requirejs
120 verbose linkStuff [ false,
120 verbose linkStuff   false,
120 verbose linkStuff   false,
120 verbose linkStuff   '/home/vagrant/The-Three-Amigos/node_modules' ]
121 info linkStuff requirejs@2.1.11
122 verbose linkBins requirejs@2.1.11
123 verbose link bins [ { 'r.js': './bin/r.js' },
123 verbose link bins   '/home/vagrant/The-Three-Amigos/node_modules/.bin',
123 verbose link bins   false ]
124 verbose linkMans requirejs@2.1.11
125 verbose rebuildBundles requirejs@2.1.11
126 info /home/vagrant/The-Three-Amigos/node_modules/requirejs unbuild
127 info preuninstall requirejs@2.1.11
128 info uninstall requirejs@2.1.11
129 verbose true,/home/vagrant/The-Three-Amigos/node_modules,/home/vagrant/The-Three-Amigos/node_modules unbuild requirejs@2.1.11
130 verbose /home/vagrant/The-Three-Amigos/node_modules/.bin,[object Object] binRoot
131 info postuninstall requirejs@2.1.11
132 error Error: UNKNOWN, symlink '../requirejs/bin/r.js'
133 error If you need help, you may report this *entire* log,
133 error including the npm and node versions, at:
133 error     <http://github.com/isaacs/npm/issues>
134 error System Linux 3.2.0-23-generic-pae
135 error command "/usr/local/bin/node" "/usr/local/bin/npm" "install" "requirejs"
136 error cwd /home/vagrant/The-Three-Amigos
137 error node -v v0.10.24
138 error npm -v 1.3.21
139 error path ../requirejs/bin/r.js
140 error code UNKNOWN
141 error errno -1
142 verbose exit [ -1, true ]
